[www.programiz.com/c-programming/online-compiler/index.html]
[backblue.gif]
[fade.gif]
[index.html]
[cdn.programiz.com/sites/tutorial2program/files/programiz-favicon_3.png]
[cmp.uniconsent.com/v2/stub.min.js]
[cmp.uniconsent.com/v2/a8d3ae4937/cmp.js]
[dsh7ky7308k4b.cloudfront.net/publishers/Programizcomnew.min.js]
[pagead2.googlesyndication.com/pagead/js/f.txt]
[cdn.carbonads.com/carbon0a0e.js]
[www.programiz.com/c-programming/online-compiler/playground8dc9.css]
[www.programiz.com/c-programming/online-compiler/assets/logos/logo.svg]
[www.programiz.com/c-programming/online-compiler/assets/icons/close.svg]
[www.programiz.com/c-programming/online-compiler/assets/icons/python.svg]
[www.programiz.com/c-programming/online-compiler/assets/icons/c.svg]
[www.programiz.com/c-programming/online-compiler/assets/icons/cpp.svg]
[www.programiz.com/c-programming/online-compiler/assets/icons/burger.svg]
[www.programiz.com/c-programming/online-compiler/assets/icons/back-arrow.svg]
[www.programiz.com/c-programming/online-compiler/assets/icons/moon.svg]
[www.programiz.com/c-programming/online-compiler/assets/icons/sun.svg]
[www.programiz.com/c-programming/online-compiler/assets/icons/expand.svg]
[www.programiz.com/c-programming/online-compiler/assets/icons/minimize.svg]
[cdnjs.cloudflare.com/ajax/libs/socket.io/1.4.5/socket.io.min.js]
[cdnjs.cloudflare.com/ajax/libs/jquery/3.5.0/jquery.min.js]
[cdnjs.cloudflare.com/ajax/libs/ace/1.4.11/ace.js]
[cdnjs.cloudflare.com/ajax/libs/mousetrap/1.4.6/mousetrap.min.js]
[www.programiz.com/c-programming/online-compiler/build/final3486.js]
[www.programiz.com/c-programming/online-compiler/index.html]
[www.programiz.com/c-programming/online-compiler/assets/fonts/droidsansmono-webfont.woff2]
[www.programiz.com/c-programming/online-compiler/assets/fonts/droidsansmono-webfont.woff]
[www.programiz.com/c-programming/online-compiler/assets/fonts/euclidcirculara-regular-webfont.woff2]
[www.programiz.com/c-programming/online-compiler/assets/fonts/euclidcirculara-regular-webfont.woff]
[www.programiz.com/c-programming/online-compiler/playground8dc9.css]
[www.programiz.com/c-programming/online-compiler/assets/logos/logo.svg]
[www.programiz.com/c-programming/online-compiler/assets/icons/close.svg]
[www.programiz.com/c-programming/online-compiler/assets/icons/python.svg]
[www.programiz.com/c-programming/online-compiler/assets/icons/c.svg]
[www.programiz.com/c-programming/online-compiler/assets/icons/cpp.svg]
[www.programiz.com/c-programming/online-compiler/assets/icons/burger.svg]
[www.programiz.com/c-programming/online-compiler/assets/icons/back-arrow.svg]
[www.programiz.com/c-programming/online-compiler/assets/icons/moon.svg]
[www.programiz.com/c-programming/online-compiler/assets/icons/sun.svg]
[www.programiz.com/c-programming/online-compiler/assets/icons/expand.svg]
[www.programiz.com/c-programming/online-compiler/assets/icons/minimize.svg]
